============================================================
Time  2017/03/20 15:13:55 665 
============================================================
[2017/03/20 15:13:55 665] isr_1conn  2088 SYS_MSG_LOAD_CLOUD  
[2017/03/20 15:13:55 666] isr_1conn  2109 SYS_MSG_REGCB_CLOUD param0 =   msp_status_cb  param1 =  func(73e9b170) 
[2017/03/20 15:13:55 666] isr_1conn  2109 SYS_MSG_REGCB_CLOUD param0 =   cloud_rslt_cb  param1 =  func(73e9be68) 
[2017/03/20 15:13:55 666] isr_1conn  2109 SYS_MSG_REGCB_CLOUD param0 =   cloud_err_cb  param1 =  func(73e9bf98) 
[2017/03/20 15:13:55 667] isr_1conn  2109 SYS_MSG_REGCB_CLOUD param0 =   cloud_status_cb  param1 =  func(73e9c058) 
[2017/03/20 15:13:55 667] isr_1conn  1382 onesoc  
[2017/03/20 15:13:55 667] isr_1conn  1383 ASR_CLOUD_MSG_SSB  
[2017/03/20 15:13:55 667] isr_1conn  1398 isr_1conn  cloud_cisr1PdHHBHNf6Pf1oJ7aamXmuhMkPQP+3  268436457  1428405382  
[2017/03/20 15:13:55 668] isr_1conn  1578 nil  
[2017/03/20 15:13:55 668] isr_1conn  1647 speex-wb  
[2017/03/20 15:13:55 668] isr_1conn  1713 once bytes  122  
[2017/03/20 15:13:55 668] isr_1conn  1734 User set url is   nil  
[2017/03/20 15:13:55 668] transport  596  paramkvsport is   nil  
[2017/03/20 15:13:55 669] transport  801  net type:  standard  
[2017/03/20 15:13:55 669] transport  802  net operator:  def  
[2017/03/20 15:13:55 669] transport  803  use proxy:  false  
[2017/03/20 15:13:55 671] network    85   ipfromenv ,  ipcache  dev.voicecloud.cn  def  116.213.69.201  
[2017/03/20 15:13:55 671] transport  998  using cached ip:  116.213.69.201  
[2017/03/20 15:13:55 672] transport  1033 ns_i =  nil  
[2017/03/20 15:13:55 672] transport  1108 [soc] connect   116.213.69.201  80  
[2017/03/20 15:13:55 673] isr_1conn  1915 ASR_CLOUD_MSG_SSE  
[2017/03/20 15:13:55 675] isr_1conn  1250 isr_1conn session info  
[2017/03/20 15:13:55 679] isr_1conn  2059 session finished! ret =   10131  
